Fri Sep 02 17:06:25 EDT 2016  [debug] AvalonLogSystem initialized using logfile 'velocity.log'
Fri Sep 02 17:06:25 EDT 2016   [info] ************************************************************** 
Fri Sep 02 17:06:25 EDT 2016   [info] Starting Jakarta Velocity v1.4
Fri Sep 02 17:06:25 EDT 2016   [info] RuntimeInstance initializing.
Fri Sep 02 17:06:25 EDT 2016   [info] Default Properties File: org\apache\velocity\runtime\defaults\velocity.properties
Fri Sep 02 17:06:25 EDT 2016   [info] Trying to use logger class org.apache.velocity.runtime.log.AvalonLogSystem
Fri Sep 02 17:06:25 EDT 2016   [info] Using logger class org.apache.velocity.runtime.log.AvalonLogSystem
Fri Sep 02 17:06:25 EDT 2016   [info] Default ResourceManager initializing. (class org.apache.velocity.runtime.resource.ResourceManagerImpl)
Fri Sep 02 17:06:25 EDT 2016   [info] Resource Loader Instantiated: org.apache.velocity.runtime.resource.loader.FileResourceLoader
Fri Sep 02 17:06:25 EDT 2016   [info] FileResourceLoader : initialization starting.
Fri Sep 02 17:06:25 EDT 2016   [info] FileResourceLoader : adding path '.'
Fri Sep 02 17:06:25 EDT 2016   [info] FileResourceLoader : initialization complete.
Fri Sep 02 17:06:25 EDT 2016   [info] ResourceCache : initialized. (class org.apache.velocity.runtime.resource.ResourceCacheImpl)
Fri Sep 02 17:06:25 EDT 2016   [info] Default ResourceManager initialization complete.
Fri Sep 02 17:06:25 EDT 2016   [info] Loaded System Directive: org.apache.velocity.runtime.directive.Literal
Fri Sep 02 17:06:25 EDT 2016   [info] Loaded System Directive: org.apache.velocity.runtime.directive.Macro
Fri Sep 02 17:06:25 EDT 2016   [info] Loaded System Directive: org.apache.velocity.runtime.directive.Parse
Fri Sep 02 17:06:25 EDT 2016   [info] Loaded System Directive: org.apache.velocity.runtime.directive.Include
Fri Sep 02 17:06:25 EDT 2016   [info] Loaded System Directive: org.apache.velocity.runtime.directive.Foreach
Fri Sep 02 17:06:25 EDT 2016   [info] Created: 20 parsers.
Fri Sep 02 17:06:25 EDT 2016   [info] Velocimacro : initialization starting.
Fri Sep 02 17:06:25 EDT 2016   [info] Velocimacro : adding VMs from VM library template : VM_global_library.vm
Fri Sep 02 17:06:25 EDT 2016  [error] ResourceManager : unable to find resource 'VM_global_library.vm' in any resource loader.
Fri Sep 02 17:06:25 EDT 2016   [info] Velocimacro : error using  VM library template VM_global_library.vm : org.apache.velocity.exception.ResourceNotFoundException: Unable to find resource 'VM_global_library.vm'
Fri Sep 02 17:06:25 EDT 2016   [info] Velocimacro :  VM library template macro registration complete.
Fri Sep 02 17:06:25 EDT 2016   [info] Velocimacro : allowInline = true : VMs can be defined inline in templates
Fri Sep 02 17:06:25 EDT 2016   [info] Velocimacro : allowInlineToOverride = false : VMs defined inline may NOT replace previous VM definitions
Fri Sep 02 17:06:25 EDT 2016   [info] Velocimacro : allowInlineLocal = false : VMs defined inline will be  global in scope if allowed.
Fri Sep 02 17:06:25 EDT 2016   [info] Velocimacro : messages on  : VM system will output logging messages
Fri Sep 02 17:06:25 EDT 2016   [info] Velocimacro : autoload off  : VM system will not automatically reload global library macros
Fri Sep 02 17:06:25 EDT 2016   [info] Velocimacro : initialization complete.
Fri Sep 02 17:06:25 EDT 2016   [info] Velocity successfully started.
Fri Sep 02 17:06:25 EDT 2016   [info] ResourceManager : found ./src/com/redboysdeals/admin/healthandbeauty_html.vm with loader org.apache.velocity.runtime.resource.loader.FileResourceLoader
